nohup: ignoring input

  .   ____          _            __ _ _
 /\\ / ___'_ __ _ _(_)_ __  __ _ \ \ \ \
( ( )\___ | '_ | '_| | '_ \/ _` | \ \ \ \
 \\/  ___)| |_)| | | | | || (_| |  ) ) ) )
  '  |____| .__|_| |_|_| |_\__, | / / / /
 =========|_|==============|___/=/_/_/_/

 :: Spring Boot ::                (v3.5.7)

2025-11-03T23:36:24.833-05:00  INFO 16652 --- [           main] c.financorp.serf.SerfSistemaApplication  : Starting SerfSistemaApplication v0.0.1-SNAPSHOT using Java 21.0.8 with PID 16652 (D:\My-projetc\serf-sistema-clone\serf-sistema\target\serf-sistema-0.0.1-SNAPSHOT.jar started by WALTE in D:\My-projetc\serf-sistema-clone\serf-sistema)
2025-11-03T23:36:24.836-05:00 DEBUG 16652 --- [           main] c.financorp.serf.SerfSistemaApplication  : Running with Spring Boot v3.5.7, Spring v6.2.12
2025-11-03T23:36:24.838-05:00  INFO 16652 --- [           main] c.financorp.serf.SerfSistemaApplication  : No active profile set, falling back to 1 default profile: "default"
2025-11-03T23:36:26.086-05:00  INFO 16652 --- [           main] .s.d.r.c.RepositoryConfigurationDelegate : Bootstrapping Spring Data JPA repositories in DEFAULT mode.
2025-11-03T23:36:26.205-05:00  INFO 16652 --- [           main] .s.d.r.c.RepositoryConfigurationDelegate : Finished Spring Data repository scanning in 100 ms. Found 2 JPA repository interfaces.
2025-11-03T23:36:27.061-05:00  INFO 16652 --- [           main] o.s.b.w.embedded.tomcat.TomcatWebServer  : Tomcat initialized with port 8080 (http)
2025-11-03T23:36:27.078-05:00  INFO 16652 --- [           main] o.apache.catalina.core.StandardService   : Starting service [Tomcat]
2025-11-03T23:36:27.079-05:00  INFO 16652 --- [           main] o.apache.catalina.core.StandardEngine    : Starting Servlet engine: [Apache Tomcat/10.1.48]
2025-11-03T23:36:27.120-05:00  INFO 16652 --- [           main] o.a.c.c.C.[Tomcat].[localhost].[/]       : Initializing Spring embedded WebApplicationContext
2025-11-03T23:36:27.122-05:00  INFO 16652 --- [           main] w.s.c.ServletWebServerApplicationContext : Root WebApplicationContext: initialization completed in 2214 ms
2025-11-03T23:36:27.402-05:00  INFO 16652 --- [           main] o.hibernate.jpa.internal.util.LogHelper  : HHH000204: Processing PersistenceUnitInfo [name: default]
2025-11-03T23:36:27.510-05:00  INFO 16652 --- [           main] org.hibernate.Version                    : HHH000412: Hibernate ORM core version 6.6.33.Final
2025-11-03T23:36:27.572-05:00  INFO 16652 --- [           main] o.h.c.internal.RegionFactoryInitiator    : HHH000026: Second-level cache disabled
2025-11-03T23:36:28.181-05:00  INFO 16652 --- [           main] o.s.o.j.p.SpringPersistenceUnitInfo      : No LoadTimeWeaver setup: ignoring JPA class transformer
2025-11-03T23:36:28.263-05:00  INFO 16652 --- [           main] com.zaxxer.hikari.HikariDataSource       : HikariPool-1 - Starting...
2025-11-03T23:36:28.718-05:00  INFO 16652 --- [           main] com.zaxxer.hikari.pool.HikariPool        : HikariPool-1 - Added connection conn0: url=jdbc:h2:mem:serfdb user=SA
2025-11-03T23:36:28.721-05:00  INFO 16652 --- [           main] com.zaxxer.hikari.HikariDataSource       : HikariPool-1 - Start completed.
2025-11-03T23:36:28.764-05:00  WARN 16652 --- [           main] org.hibernate.orm.deprecation            : HHH90000025: H2Dialect does not need to be specified explicitly using 'hibernate.dialect' (remove the property setting and it will be selected by default)
2025-11-03T23:36:28.809-05:00  INFO 16652 --- [           main] org.hibernate.orm.connections.pooling    : HHH10001005: Database info:
	Database JDBC URL [Connecting through datasource 'HikariDataSource (HikariPool-1)']
	Database driver: undefined/unknown
	Database version: 2.3.232
	Autocommit mode: undefined/unknown
	Isolation level: undefined/unknown
	Minimum pool size: undefined/unknown
	Maximum pool size: undefined/unknown
2025-11-03T23:36:30.459-05:00  INFO 16652 --- [           main] o.h.e.t.j.p.i.JtaPlatformInitiator       : HHH000489: No JTA platform available (set 'hibernate.transaction.jta.platform' to enable JTA platform integration)
Hibernate: 
    create table productos (
        id bigint generated by default as identity,
        categoria enum ('ACCESORIO','EQUIPO_RED','LAPTOP','OTRO','SMARTPHONE'),
        codigo varchar(255) not null,
        costo_importacion numeric(38,2) not null,
        descripcion_tecnica varchar(1000),
        fecha_importacion date,
        moneda_origen varchar(255) not null,
        nombre varchar(255) not null,
        precio_venta_sugerido numeric(38,2) not null,
        proveedor varchar(255),
        stock_actual integer not null,
        stock_inicial integer not null,
        primary key (id)
    )
Hibernate: 
    create table ventas (
        id bigint generated by default as identity,
        cantidad integer not null,
        cliente varchar(255),
        fecha_venta timestamp(6) not null,
        metodo_pago enum ('EFECTIVO','TARJETA','TRANSFERENCIA'),
        moneda_local varchar(255) not null,
        numero_factura varchar(255) not null,
        pais_filial varchar(255) not null,
        precio_unitario numeric(38,2) not null,
        precio_unitarioeur numeric(38,2),
        total_ventaeur numeric(38,2),
        vendedor_responsable varchar(255),
        producto_id bigint not null,
        primary key (id)
    )
Hibernate: 
    alter table if exists productos 
       drop constraint if exists UKh04wpyqwddobltuqq56cp6s05
Hibernate: 
    alter table if exists productos 
       add constraint UKh04wpyqwddobltuqq56cp6s05 unique (codigo)
Hibernate: 
    alter table if exists ventas 
       drop constraint if exists UKnuq6ygsh3n3hrg6ff4qreefy0
Hibernate: 
    alter table if exists ventas 
       add constraint UKnuq6ygsh3n3hrg6ff4qreefy0 unique (numero_factura)
Hibernate: 
    alter table if exists ventas 
       add constraint FKm2vj8hr3u07dh7lf45hq7tman 
       foreign key (producto_id) 
       references productos
2025-11-03T23:36:30.651-05:00  INFO 16652 --- [           main] j.LocalContainerEntityManagerFactoryBean : Initialized JPA EntityManagerFactory for persistence unit 'default'
2025-11-03T23:36:32.032-05:00  INFO 16652 --- [           main] o.s.d.j.r.query.QueryEnhancerFactory     : Hibernate is in classpath; If applicable, HQL parser will be used.
2025-11-03T23:36:33.292-05:00  WARN 16652 --- [           main] JpaBaseConfiguration$JpaWebConfiguration : spring.jpa.open-in-view is enabled by default. Therefore, database queries may be performed during view rendering. Explicitly configure spring.jpa.open-in-view to disable this warning
2025-11-03T23:36:33.349-05:00  INFO 16652 --- [           main] o.s.b.a.w.s.WelcomePageHandlerMapping    : Adding welcome page template: index
2025-11-03T23:36:34.214-05:00  INFO 16652 --- [           main] o.s.b.a.h2.H2ConsoleAutoConfiguration    : H2 console available at '/h2-console'. Database available at 'jdbc:h2:mem:serfdb'
2025-11-03T23:36:34.413-05:00  INFO 16652 --- [           main] o.s.b.w.embedded.tomcat.TomcatWebServer  : Tomcat started on port 8080 (http) with context path '/'
2025-11-03T23:36:34.447-05:00  INFO 16652 --- [           main] c.financorp.serf.SerfSistemaApplication  : Started SerfSistemaApplication in 10.495 seconds (process running for 11.558)
2025-11-03T23:36:43.103-05:00  INFO 16652 --- [nio-8080-exec-1] o.a.c.c.C.[Tomcat].[localhost].[/]       : Initializing Spring DispatcherServlet 'dispatcherServlet'
2025-11-03T23:36:43.105-05:00  INFO 16652 --- [nio-8080-exec-1] o.s.web.servlet.DispatcherServlet        : Initializing Servlet 'dispatcherServlet'
2025-11-03T23:36:43.106-05:00  INFO 16652 --- [nio-8080-exec-1] o.s.web.servlet.DispatcherServlet        : Completed initialization in 1 ms
